<?xml version="1.0" encoding="UTF-8"?>
<testsuite name="com.jojoIdu.book.springboot.web.IndexControllerTest" tests="1" skipped="0" failures="0" errors="0" timestamp="2020-04-15T13:42:01" hostname="DESKTOP-58186CT" time="0.33">
  <properties/>
  <testcase name="메인페이지_로딩" classname="com.jojoIdu.book.springboot.web.IndexControllerTest" time="0.33"/>
  <system-out><![CDATA[2020-04-15 22:41:56.943  INFO 6228 --- [    Test worker] .b.t.c.SpringBootTestContextBootstrapper : Neither @ContextConfiguration nor @ContextHierarchy found for test class [com.jojoIdu.book.springboot.web.IndexControllerTest], using SpringBootContextLoader
2020-04-15 22:41:56.946  INFO 6228 --- [    Test worker] o.s.t.c.support.AbstractContextLoader    : Could not detect default resource locations for test class [com.jojoIdu.book.springboot.web.IndexControllerTest]: no resource found for suffixes {-context.xml, Context.groovy}.
2020-04-15 22:41:56.947  INFO 6228 --- [    Test worker] t.c.s.AnnotationConfigContextLoaderUtils : Could not detect default configuration classes for test class [com.jojoIdu.book.springboot.web.IndexControllerTest]: IndexControllerTest does not declare any static, non-private, non-final, nested classes annotated with @Configuration.
2020-04-15 22:41:56.949  INFO 6228 --- [    Test worker] .b.t.c.SpringBootTestContextBootstrapper : Found @SpringBootConfiguration com.jojoIdu.book.springboot.Application for test class com.jojoIdu.book.springboot.web.IndexControllerTest
2020-04-15 22:41:56.953  INFO 6228 --- [    Test worker] .b.t.c.SpringBootTestContextBootstrapper : Loaded default TestExecutionListener class names from location [META-INF/spring.factories]: [org.springframework.security.test.context.support.WithSecurityContextTestExecutionListener, org.springframework.security.test.context.support.ReactorContextTestExecutionListener, org.springframework.boot.test.autoconfigure.restdocs.RestDocsTestExecutionListener, org.springframework.boot.test.autoconfigure.web.client.MockRestServiceServerResetTestExecutionListener, org.springframework.boot.test.autoconfigure.web.servlet.MockMvcPrintOnlyOnFailureTestExecutionListener, org.springframework.boot.test.autoconfigure.web.servlet.WebDriverTestExecutionListener, org.springframework.boot.test.mock.mockito.MockitoTestExecutionListener, org.springframework.boot.test.mock.mockito.ResetMocksTestExecutionListener, org.springframework.test.context.web.ServletTestExecutionListener, org.springframework.test.context.support.DirtiesContextBeforeModesTestExecutionListener, org.springframework.test.context.support.DependencyInjectionTestExecutionListener, org.springframework.test.context.support.DirtiesContextTestExecutionListener, org.springframework.test.context.transaction.TransactionalTestExecutionListener, org.springframework.test.context.jdbc.SqlScriptsTestExecutionListener]
2020-04-15 22:41:56.955  INFO 6228 --- [    Test worker] .b.t.c.SpringBootTestContextBootstrapper : Using TestExecutionListeners: [org.springframework.test.context.web.ServletTestExecutionListener@5fd6fcb3, org.springframework.test.context.support.DirtiesContextBeforeModesTestExecutionListener@3e5341c4, org.springframework.boot.test.mock.mockito.MockitoTestExecutionListener@14b5ad9b, org.springframework.boot.test.autoconfigure.SpringBootDependencyInjectionTestExecutionListener@5d615be3, org.springframework.test.context.support.DirtiesContextTestExecutionListener@353a1798, org.springframework.test.context.transaction.TransactionalTestExecutionListener@11c33d9a, org.springframework.test.context.jdbc.SqlScriptsTestExecutionListener@28a3934c, org.springframework.security.test.context.support.WithSecurityContextTestExecutionListener@7fca7bf8, org.springframework.security.test.context.support.ReactorContextTestExecutionListener@1a29254e, org.springframework.boot.test.autoconfigure.restdocs.RestDocsTestExecutionListener@120ee47c, org.springframework.boot.test.autoconfigure.web.client.MockRestServiceServerResetTestExecutionListener@26832c82, org.springframework.boot.test.autoconfigure.web.servlet.MockMvcPrintOnlyOnFailureTestExecutionListener@aba9611, org.springframework.boot.test.autoconfigure.web.servlet.WebDriverTestExecutionListener@59ead15d, org.springframework.boot.test.mock.mockito.ResetMocksTestExecutionListener@3ca2e318]

  .   ____          _            __ _ _
 /\\ / ___'_ __ _ _(_)_ __  __ _ \ \ \ \
( ( )\___ | '_ | '_| | '_ \/ _` | \ \ \ \
 \\/  ___)| |_)| | | | | || (_| |  ) ) ) )
  '  |____| .__|_| |_|_| |_\__, | / / / /
 =========|_|==============|___/=/_/_/_/
 :: Spring Boot ::        (v2.1.7.RELEASE)

2020-04-15 22:41:57.192  INFO 6228 --- [    Test worker] c.j.b.s.web.IndexControllerTest          : Starting IndexControllerTest on DESKTOP-58186CT with PID 6228 (started by hwang in D:\workspace)
2020-04-15 22:41:57.202  INFO 6228 --- [    Test worker] c.j.b.s.web.IndexControllerTest          : No active profile set, falling back to default profiles: default
2020-04-15 22:41:57.740  INFO 6228 --- [    Test worker] .s.d.r.c.RepositoryConfigurationDelegate : Bootstrapping Spring Data repositories in DEFAULT mode.
2020-04-15 22:41:57.767  INFO 6228 --- [    Test worker] .s.d.r.c.RepositoryConfigurationDelegate : Finished Spring Data repository scanning in 26ms. Found 2 repository interfaces.
2020-04-15 22:41:57.935  INFO 6228 --- [    Test worker] trationDelegate$BeanPostProcessorChecker : Bean 'org.springframework.transaction.annotation.ProxyTransactionManagementConfiguration' of type [org.springframework.transaction.annotation.ProxyTransactionManagementConfiguration$$EnhancerBySpringCGLIB$$f04836a3] is not eligible for getting processed by all BeanPostProcessors (for example: not eligible for auto-proxying)
2020-04-15 22:41:58.414  INFO 6228 --- [    Test worker] o.s.b.w.embedded.tomcat.TomcatWebServer  : Tomcat initialized with port(s): 0 (http)
2020-04-15 22:41:58.508  INFO 6228 --- [    Test worker] o.apache.catalina.core.StandardService   : Starting service [Tomcat]
2020-04-15 22:41:58.513  INFO 6228 --- [    Test worker] org.apache.catalina.core.StandardEngine  : Starting Servlet engine: [Apache Tomcat/9.0.22]
2020-04-15 22:41:59.079  INFO 6228 --- [    Test worker] o.a.c.c.C.[Tomcat].[localhost].[/]       : Initializing Spring embedded WebApplicationContext
2020-04-15 22:41:59.080  INFO 6228 --- [    Test worker] o.s.web.context.ContextLoader            : Root WebApplicationContext: initialization completed in 1873 ms
2020-04-15 22:41:59.448  INFO 6228 --- [    Test worker] com.zaxxer.hikari.HikariDataSource       : HikariPool-2 - Starting...
2020-04-15 22:41:59.452  INFO 6228 --- [    Test worker] com.zaxxer.hikari.HikariDataSource       : HikariPool-2 - Start completed.
2020-04-15 22:41:59.515  INFO 6228 --- [    Test worker] o.hibernate.jpa.internal.util.LogHelper  : HHH000204: Processing PersistenceUnitInfo [
	name: default
	...]
2020-04-15 22:41:59.538  INFO 6228 --- [    Test worker] org.hibernate.dialect.Dialect            : HHH000400: Using dialect: org.hibernate.dialect.MySQL5InnoDBDialect
Hibernate: drop table if exists posts
Hibernate: drop table if exists user
Hibernate: create table posts (id bigint not null auto_increment, created_date datetime, modified_date datetime, author varchar(255), content TEXT not null, title varchar(500) not null, primary key (id)) engine=InnoDB
Hibernate: create table user (id bigint not null auto_increment, created_date datetime, modified_date datetime, email varchar(255) not null, name varchar(255) not null, picture varchar(255), role varchar(255) not null, primary key (id)) engine=InnoDB
2020-04-15 22:41:59.639  INFO 6228 --- [    Test worker] o.h.t.schema.internal.SchemaCreatorImpl  : HHH000476: Executing import script 'org.hibernate.tool.schema.internal.exec.ScriptSourceInputNonExistentImpl@1c907298'
2020-04-15 22:41:59.639  INFO 6228 --- [    Test worker] j.LocalContainerEntityManagerFactoryBean : Initialized JPA EntityManagerFactory for persistence unit 'default'
2020-04-15 22:42:00.465  INFO 6228 --- [    Test worker] o.h.h.i.QueryTranslatorFactoryInitiator  : HHH000397: Using ASTQueryTranslatorFactory
2020-04-15 22:42:00.662  INFO 6228 --- [    Test worker] o.s.s.web.DefaultSecurityFilterChain     : Creating filter chain: any request, [org.springframework.security.web.context.request.async.WebAsyncManagerIntegrationFilter@2b6a4b5c, org.springframework.security.web.context.SecurityContextPersistenceFilter@4abc0ff2, org.springframework.security.web.header.HeaderWriterFilter@7472a8ae, org.springframework.security.web.authentication.logout.LogoutFilter@71acf56e, org.springframework.security.oauth2.client.web.OAuth2AuthorizationRequestRedirectFilter@785bf2ef, org.springframework.security.oauth2.client.web.OAuth2LoginAuthenticationFilter@7e191052, org.springframework.security.web.authentication.ui.DefaultLoginPageGeneratingFilter@5b45b26b, org.springframework.security.web.authentication.ui.DefaultLogoutPageGeneratingFilter@52f86965, org.springframework.security.web.savedrequest.RequestCacheAwareFilter@303c5cb1, org.springframework.security.web.servletapi.SecurityContextHolderAwareRequestFilter@51eab5c0, org.springframework.security.web.authentication.AnonymousAuthenticationFilter@7593355f, org.springframework.security.web.session.SessionManagementFilter@2ce4c82e, org.springframework.security.web.access.ExceptionTranslationFilter@22fb1024, org.springframework.security.web.access.intercept.FilterSecurityInterceptor@250b8c18]
2020-04-15 22:42:01.020  INFO 6228 --- [    Test worker] o.s.s.concurrent.ThreadPoolTaskExecutor  : Initializing ExecutorService 'applicationTaskExecutor'
2020-04-15 22:42:01.044  WARN 6228 --- [    Test worker] aWebConfiguration$JpaWebMvcConfiguration : spring.jpa.open-in-view is enabled by default. Therefore, database queries may be performed during view rendering. Explicitly configure spring.jpa.open-in-view to disable this warning
2020-04-15 22:42:01.131  INFO 6228 --- [    Test worker] o.s.b.a.w.s.WelcomePageHandlerMapping    : Adding welcome page template: index
2020-04-15 22:42:01.563  INFO 6228 --- [    Test worker] s.a.ScheduledAnnotationBeanPostProcessor : No TaskScheduler/ScheduledExecutorService bean found for scheduled processing
2020-04-15 22:42:01.602  INFO 6228 --- [    Test worker] o.s.b.w.embedded.tomcat.TomcatWebServer  : Tomcat started on port(s): 1831 (http) with context path ''
2020-04-15 22:42:01.605  INFO 6228 --- [    Test worker] c.j.b.s.web.IndexControllerTest          : Started IndexControllerTest in 4.644 seconds (JVM running for 24.996)
2020-04-15 22:42:01.782  INFO 6228 --- [o-auto-1-exec-1] o.a.c.c.C.[Tomcat].[localhost].[/]       : Initializing Spring DispatcherServlet 'dispatcherServlet'
2020-04-15 22:42:01.786  INFO 6228 --- [o-auto-1-exec-1] o.s.web.servlet.DispatcherServlet        : Initializing Servlet 'dispatcherServlet'
2020-04-15 22:42:01.814  INFO 6228 --- [o-auto-1-exec-1] o.s.web.servlet.DispatcherServlet        : Completed initialization in 26 ms
Hibernate: select posts0_.id as id1_0_, posts0_.created_date as created_2_0_, posts0_.modified_date as modified3_0_, posts0_.author as author4_0_, posts0_.content as content5_0_, posts0_.title as title6_0_ from posts posts0_ order by posts0_.id DESC
]]></system-out>
  <system-err><![CDATA[]]></system-err>
</testsuite>
